<?xml version="1.0" encoding="UTF-8"?>
<!-- Generated by org.testng.reporters.JUnitReportReporter -->
<testsuite hostname="DESKTOP-OF1IT6T" failures="0" tests="1" name="web.PageObjects.Dummy" time="0.024" errors="0" timestamp="22 Jul 2020 16:13:37 GMT" skipped="0">
  <testcase classname="web.PageObjects.Dummy" name="print" time="0.024"/>
</testsuite> <!-- web.PageObjects.Dummy -->
