<?xml version="1.0" encoding="UTF-8"?>
<!-- Generated by org.testng.reporters.JUnitReportReporter -->
<testsuite hostname="DESKTOP-OF1IT6T" failures="0" tests="1" name="BasicTest.PrintHello" time="0.021" errors="0" timestamp="2020-07-22T09:47:43 GMT-07:00" skipped="0">
  <testcase classname="BasicTest.PrintHello" name="hello" time="0.021"/>
  <system-out/>
</testsuite> <!-- BasicTest.PrintHello -->
